[2020-12-10T04:20:21.271908+01:00] ProbandoLogger.DEBUG: Mensaje de debug. [] []
[2020-12-10T04:20:22.283989+01:00] ProbandoLogger.DEBUG: Mensaje de debug. [] []
[2020-12-10T04:20:22.473607+01:00] ProbandoLogger.DEBUG: Mensaje de debug. [] []
[2020-12-10T04:22:59.807684+01:00] ProbandoLogger.DEBUG: Mensaje de debug. [] []
[2020-12-10T04:22:59.811984+01:00] ProbandoLogger.WARNING: Mensaje de warning. [] []
[2020-12-10T04:28:38.144549+01:00] ProbandoLogger.DEBUG: Debug 2.0 [] []
[2020-12-10T04:29:48.571822+01:00] ProbandoLogger.DEBUG: Debug 2.0 [] []
[2020-12-10T04:31:55.272885+01:00] ProbandoLogger.DEBUG: Debug 2.0 [] []
[2020-12-10T04:33:14.620928+01:00] ProbandoLogger.DEBUG: Debug 2.0 [] []
[2020-12-10T04:33:14.624568+01:00] Saludando.INFO: Hola qué hase [] []
[2020-12-10T04:33:15.735130+01:00] ProbandoLogger.DEBUG: Debug 2.0 [] []
[2020-12-10T04:33:15.737029+01:00] Saludando.INFO: Hola qué hase [] []
[2020-12-10T04:33:15.960028+01:00] ProbandoLogger.DEBUG: Debug 2.0 [] []
[2020-12-10T04:33:15.962166+01:00] Saludando.INFO: Hola qué hase [] []
[2020-12-10T04:33:25.391025+01:00] ProbandoLogger.DEBUG: Debug 2.0 [] []
[2020-12-10T04:33:25.393647+01:00] Saludando.INFO: Hola qué hase [] []
[2020-12-10T04:33:25.395602+01:00] Despidiendo.INFO: Adios con el corasón [] []
[2020-12-10T04:33:26.200033+01:00] ProbandoLogger.DEBUG: Debug 2.0 [] []
[2020-12-10T04:33:26.201301+01:00] Saludando.INFO: Hola qué hase [] []
[2020-12-10T04:33:26.202949+01:00] Despidiendo.INFO: Adios con el corasón [] []
[2020-12-10T04:36:30.776208+01:00] ProbandoLogger.DEBUG: Debug 2.0 [] []
[2020-12-10T04:36:30.778194+01:00] Saludando.INFO: Hola qué hase [] []
[2020-12-10T04:36:30.778680+01:00] Despidiendo.INFO: Adios con el corasón [] []
[2020-12-10T04:37:08.374442+01:00] ProbandoLogger.DEBUG: Debug 2.0 [] []
[2020-12-10T04:37:08.376188+01:00] Saludando.INFO: Hola qué hase [] []
[2020-12-10T04:37:08.377889+01:00] Despidiendo.INFO: Adios con el corasón [] []
[2020-12-10T04:37:32.973286+01:00] ProbandoLogger.DEBUG: Debug 2.0 [] []
[2020-12-10T04:37:32.975451+01:00] Saludando.INFO: Hola qué hase [] []
[2020-12-10T04:37:32.977312+01:00] Despidiendo.INFO: Adios con el corasón [] []
[2020-12-10T04:39:06.750322+01:00] ProbandoLogger.DEBUG: Debug 2.0 [] []
[2020-12-10T04:39:06.752150+01:00] Saludando.INFO: Hola qué hase [] []
[2020-12-10T04:39:06.754491+01:00] Despidiendo.INFO: Adios con el corasón [] []
[2020-12-10T04:42:12.179795+01:00] ProbandoLogger.DEBUG: Debug 2.0 [] []
[2020-12-10T04:42:12.182086+01:00] Saludando.INFO: Hola qué hase [] []
[2020-12-10T04:42:12.183990+01:00] Despidiendo.INFO: Adios con el corasón [] []
[2020-12-10T04:42:24.645404+01:00] ProbandoLogger.DEBUG: Debug 2.0 [] []
[2020-12-10T04:42:24.648239+01:00] Saludando.INFO: Hola qué hase [] []
[2020-12-10T04:42:24.650204+01:00] Despidiendo.INFO: Adios con el corasón [] []
[2020-12-10T04:42:45.959684+01:00] ProbandoLogger.DEBUG: Debug 2.0 [] []
[2020-12-10T04:42:45.961820+01:00] Saludando.INFO: Hola qué hase [] []
[2020-12-10T04:42:45.964478+01:00] Despidiendo.INFO: Adios con el corasón [] []
[2020-12-10T04:43:44.635820+01:00] ProbandoLogger.DEBUG: Debug 2.0 [] []
[2020-12-10T04:43:44.637103+01:00] Saludando.INFO: Hola qué hase [] []
[2020-12-10T04:43:44.639640+01:00] Despidiendo.INFO: Adios con el corasón [] []
[2020-12-10T04:43:48.419920+01:00] ProbandoLogger.DEBUG: Debug 2.0 [] []
[2020-12-10T04:43:48.424102+01:00] Saludando.INFO: Hola qué hase [] []
[2020-12-10T04:43:48.425909+01:00] Despidiendo.INFO: Adios con el corasón [] []
[2020-12-10T04:43:49.118911+01:00] ProbandoLogger.DEBUG: Debug 2.0 [] []
[2020-12-10T04:43:49.121090+01:00] Saludando.INFO: Hola qué hase [] []
[2020-12-10T04:43:49.122957+01:00] Despidiendo.INFO: Adios con el corasón [] []
[2020-12-10T04:43:49.386544+01:00] ProbandoLogger.DEBUG: Debug 2.0 [] []
[2020-12-10T04:43:49.388213+01:00] Saludando.INFO: Hola qué hase [] []
[2020-12-10T04:43:49.389997+01:00] Despidiendo.INFO: Adios con el corasón [] []
[2020-12-10T04:43:49.607936+01:00] ProbandoLogger.DEBUG: Debug 2.0 [] []
[2020-12-10T04:43:49.610111+01:00] Saludando.INFO: Hola qué hase [] []
[2020-12-10T04:43:49.612025+01:00] Despidiendo.INFO: Adios con el corasón [] []
[2020-12-10T04:43:49.939606+01:00] ProbandoLogger.DEBUG: Debug 2.0 [] []
[2020-12-10T04:43:49.940884+01:00] Saludando.INFO: Hola qué hase [] []
[2020-12-10T04:43:49.943301+01:00] Despidiendo.INFO: Adios con el corasón [] []
[2020-12-10T04:43:54.424381+01:00] ProbandoLogger.DEBUG: Debug 2.0 [] []
[2020-12-10T04:43:54.425941+01:00] Saludando.INFO: Hola qué hase [] []
[2020-12-10T04:43:54.428727+01:00] Despidiendo.INFO: Adios con el corasón [] []
[2020-12-10T04:53:17.655436+01:00] ProbandoLogger.DEBUG: Debug 2.0 [] []
[2020-12-10T04:53:17.659002+01:00] Despidiendo.INFO: Adios con el corasón [] []
[2020-12-10T15:33:45.319152+01:00] ProbandoLogger.DEBUG: Debug 2.0 [] []
[2020-12-10T15:33:45.324950+01:00] Saludando.INFO: Buenos tardes [] []
[2020-12-10T15:33:47.857985+01:00] ProbandoLogger.DEBUG: Debug 2.0 [] []
[2020-12-10T15:33:47.865790+01:00] Saludando.INFO: Buenos tardes [] []
[2020-12-10T15:33:49.359999+01:00] ProbandoLogger.DEBUG: Debug 2.0 [] []
[2020-12-10T15:33:49.361417+01:00] Saludando.INFO: Buenos tardes [] []
[2020-12-10T16:40:32.889781+01:00] ProbandoLogger.DEBUG: Debug 2.0 [] []
[2020-12-10T16:40:32.889781+01:00] ProbandoLogger.DEBUG: Debug 2.0 [] []
[2020-12-10T16:40:32.891635+01:00] ProbandoLogger.INFO: Buenos tardes [] []
[2020-12-10T16:40:32.891635+01:00] ProbandoLogger.INFO: Buenos tardes [] []
